[debug] [2024-11-30T08:55:03.936Z] ----------------------------------------------------------------------
[debug] [2024-11-30T08:55:03.938Z] Command:       /home/andresmgsl/.nvm/versions/node/v20.12.1/bin/node /home/andresmgsl/.nvm/versions/node/v20.12.1/bin/firebase deploy --project solana-bootcamp-january-2025 --only hosting:solana-bootcamp-january-2025
[debug] [2024-11-30T08:55:03.938Z] CLI Version:   13.7.5
[debug] [2024-11-30T08:55:03.938Z] Platform:      linux
[debug] [2024-11-30T08:55:03.938Z] Node Version:  v20.12.1
[debug] [2024-11-30T08:55:03.938Z] Time:          Sat Nov 30 2024 08:55:03 GMT+0000 (Western European Standard Time)
[debug] [2024-11-30T08:55:03.939Z] ----------------------------------------------------------------------
[debug] 
[debug] [2024-11-30T08:55:04.000Z] > command requires scopes: ["email","openid","https://www.googleapis.com/auth/cloudplatformprojects.readonly","https://www.googleapis.com/auth/firebase","https://www.googleapis.com/auth/cloud-platform"]
[debug] [2024-11-30T08:55:04.000Z] > authorizing via signed-in user (team@heavyduty.builders)
[debug] [2024-11-30T08:55:04.000Z] [iam] checking project solana-bootcamp-january-2025 for permissions ["firebase.projects.get","firebasehosting.sites.update"]
[debug] [2024-11-30T08:55:04.001Z] >>> [apiv2][query] POST https://cloudresourcemanager.googleapis.com/v1/projects/solana-bootcamp-january-2025:testIamPermissions [none]
[debug] [2024-11-30T08:55:04.002Z] >>> [apiv2][(partial)header] POST https://cloudresourcemanager.googleapis.com/v1/projects/solana-bootcamp-january-2025:testIamPermissions x-goog-quota-user=projects/solana-bootcamp-january-2025
[debug] [2024-11-30T08:55:04.002Z] >>> [apiv2][body] POST https://cloudresourcemanager.googleapis.com/v1/projects/solana-bootcamp-january-2025:testIamPermissions {"permissions":["firebase.projects.get","firebasehosting.sites.update"]}
[debug] [2024-11-30T08:55:04.806Z] <<< [apiv2][status] POST https://cloudresourcemanager.googleapis.com/v1/projects/solana-bootcamp-january-2025:testIamPermissions 200
[debug] [2024-11-30T08:55:04.806Z] <<< [apiv2][body] POST https://cloudresourcemanager.googleapis.com/v1/projects/solana-bootcamp-january-2025:testIamPermissions {"permissions":["firebase.projects.get","firebasehosting.sites.update"]}
[debug] [2024-11-30T08:55:04.806Z] >>> [apiv2][query] GET https://firebase.googleapis.com/v1beta1/projects/solana-bootcamp-january-2025 [none]
[debug] [2024-11-30T08:55:05.147Z] <<< [apiv2][status] GET https://firebase.googleapis.com/v1beta1/projects/solana-bootcamp-january-2025 200
[debug] [2024-11-30T08:55:05.147Z] <<< [apiv2][body] GET https://firebase.googleapis.com/v1beta1/projects/solana-bootcamp-january-2025 {"projectId":"solana-bootcamp-january-2025","projectNumber":"67950566850","displayName":"solana-bootcamp-january-2025","name":"projects/solana-bootcamp-january-2025","resources":{"hostingSite":"solana-bootcamp-january-2025"},"state":"ACTIVE","etag":"1_bbc6786f-d896-4e8a-be73-96acaaf4cfed"}
[info] 
[info] === Deploying to 'solana-bootcamp-january-2025'...
[info] 
[info] i  deploying hosting 
[debug] [2024-11-30T08:55:05.150Z] >>> [apiv2][query] POST https://firebasehosting.googleapis.com/v1beta1/projects/-/sites/solana-bootcamp-january-2025/versions [none]
[debug] [2024-11-30T08:55:05.150Z] >>> [apiv2][body] POST https://firebasehosting.googleapis.com/v1beta1/projects/-/sites/solana-bootcamp-january-2025/versions {"status":"CREATED","labels":{"deployment-tool":"cli-firebase"}}
[debug] [2024-11-30T08:55:06.738Z] <<< [apiv2][status] POST https://firebasehosting.googleapis.com/v1beta1/projects/-/sites/solana-bootcamp-january-2025/versions 200
[debug] [2024-11-30T08:55:06.739Z] <<< [apiv2][body] POST https://firebasehosting.googleapis.com/v1beta1/projects/-/sites/solana-bootcamp-january-2025/versions {"name":"projects/67950566850/sites/solana-bootcamp-january-2025/versions/e1cc968edf7ed1b9","status":"CREATED","config":{},"labels":{"deployment-tool":"cli-firebase"}}
[info] i  hosting[solana-bootcamp-january-2025]: beginning deploy... 
[info] i  hosting[solana-bootcamp-january-2025]: found 9 files in dist/apps/spain-tour-bootcamp-ene-feb-2025-landing/browser 
[debug] [2024-11-30T08:55:06.743Z] [hosting] uploading with 200 concurrency
[debug] [2024-11-30T08:55:06.760Z] [hosting] hash cache [ZGlzdC9hcHBzL3NwYWluLXRvdXItYm9vdGNhbXAtZW5lLWZlYi0yMDI1LWxhbmRpbmcvYnJvd3Nlcg] stored for 9 files
[debug] [2024-11-30T08:55:06.760Z] [hosting][hash queue][FINAL] {"max":14,"min":5,"avg":7,"active":0,"complete":9,"success":9,"errored":0,"retried":0,"total":9,"elapsed":16}
[debug] [2024-11-30T08:55:06.760Z] >>> [apiv2][query] POST https://firebasehosting.googleapis.com/v1beta1/projects/67950566850/sites/solana-bootcamp-january-2025/versions/e1cc968edf7ed1b9:populateFiles [none]
[debug] [2024-11-30T08:55:06.761Z] >>> [apiv2][body] POST https://firebasehosting.googleapis.com/v1beta1/projects/67950566850/sites/solana-bootcamp-january-2025/versions/e1cc968edf7ed1b9:populateFiles {"files":{"/favicon.ico":"599f9c5c678df028d5e326fa561802380a27743f0829140a64634774cd2abe7a","/index.html":"1c899a4cfa5d6dab17fce12e81c98d13965ce3f48f7db44a7dee27fb4ba9c6f7","/styles-OURYIIDC.css":"4f07227708524a894fd2885354fc9a0c2d2046b77c77379966580f862c925f0c","/polyfills-LKESJD2S.js":"08599fa6d40b6667b4826b00a9d037f6b70f9ed272ff48e3dc98bddf4644c2f1","/media/retro_computer-CU4RAFQ4.ttf":"dc87dc02e70c6a994a75418158235876b445ac38acb4b5a08084697946f03c5e","/assets/fonts/retro_computer.ttf":"dc87dc02e70c6a994a75418158235876b445ac38acb4b5a08084697946f03c5e","/assets/privacy_policies.pdf":"8248b417c87af24c5c0c5177661009ae10d5a6eb3723a48969f96b05b1ce53b9","/assets/terms_and_conditions.pdf":"d6b821d1fe8fb9c817c32b6bea97fe6a686f23fa27e2d0c67d525f0057ebbba1","/main-RXEVXA5V.js":"f252f00415a41883752502e97979fb0ea8a96b5e2eab8592c2e0fd533493da12"}}
